<?xml version="1.0" encoding="UTF-8"?>
<testsuite name="com.example.orders.HelloControllerTest" tests="1" skipped="0" failures="0" errors="0" timestamp="2024-10-01T00:49:02" hostname="brad" time="0.031">
  <properties/>
  <testcase name="getHello()" classname="com.example.orders.HelloControllerTest" time="0.031"/>
  <system-out><![CDATA[2024-09-30T19:49:01.805-05:00  INFO 11599 --- [orders] [    Test worker] t.c.s.AnnotationConfigContextLoaderUtils : Could not detect default configuration classes for test class [com.example.orders.HelloControllerTest]: HelloControllerTest does not declare any static, non-private, non-final, nested classes annotated with @Configuration.
2024-09-30T19:49:01.814-05:00  INFO 11599 --- [orders] [    Test worker] .b.t.c.SpringBootTestContextBootstrapper : Found @SpringBootConfiguration com.example.orders.OrdersApplication for test class com.example.orders.HelloControllerTest

  .   ____          _            __ _ _
 /\\ / ___'_ __ _ _(_)_ __  __ _ \ \ \ \
( ( )\___ | '_ | '_| | '_ \/ _` | \ \ \ \
 \\/  ___)| |_)| | | | | || (_| |  ) ) ) )
  '  |____| .__|_| |_|_| |_\__, | / / / /
 =========|_|==============|___/=/_/_/_/

 :: Spring Boot ::                (v3.3.4)

2024-09-30T19:49:01.852-05:00  INFO 11599 --- [orders] [    Test worker] com.example.orders.HelloControllerTest   : Starting HelloControllerTest using Java 21.0.4 with PID 11599 (started by brad in /home/brad/cleancode)
2024-09-30T19:49:01.853-05:00  INFO 11599 --- [orders] [    Test worker] com.example.orders.HelloControllerTest   : No active profile set, falling back to 1 default profile: "default"
2024-09-30T19:49:02.324-05:00  INFO 11599 --- [orders] [    Test worker] o.s.b.t.m.w.SpringBootMockServletContext : Initializing Spring TestDispatcherServlet ''
2024-09-30T19:49:02.325-05:00  INFO 11599 --- [orders] [    Test worker] o.s.t.web.servlet.TestDispatcherServlet  : Initializing Servlet ''
2024-09-30T19:49:02.330-05:00  INFO 11599 --- [orders] [    Test worker] o.s.b.a.e.web.EndpointLinksResolver      : Exposing 1 endpoint beneath base path '/actuator'
2024-09-30T19:49:02.334-05:00  INFO 11599 --- [orders] [    Test worker] o.s.t.web.servlet.TestDispatcherServlet  : Completed initialization in 9 ms
2024-09-30T19:49:02.353-05:00  INFO 11599 --- [orders] [    Test worker] com.example.orders.HelloControllerTest   : Started HelloControllerTest in 0.532 seconds (process running for 5.441)
]]></system-out>
  <system-err><![CDATA[]]></system-err>
</testsuite>
